<?xml version="1.0" encoding="UTF-8"?>
<!-- Generated by org.testng.reporters.JUnitXMLReporter -->
<testsuite ignored="0" hostname="DESKTOP-H3RN2SF" failures="0" tests="5" name="Default test" time="11.509" errors="0" timestamp="2024-04-14T16:44:51 IST">
  <testcase classname="com.github.test.SwagLabsTest" name="login" time="1.332"/>
  <testcase classname="com.github.test.SwagLabsTest" name="productsList" time="0.234"/>
  <testcase classname="com.github.test.SwagLabsTest" name="productsSorting" time="0.817"/>
  <testcase classname="com.github.test.SwagLabsTest" name="addingToCart" time="0.52"/>
  <testcase classname="com.github.test.SwagLabsTest" name="checkout" time="1.375"/>
</testsuite> <!-- Default test -->
