<?xml version="1.0" encoding="UTF-8"?>
<!-- Generated by org.testng.reporters.JUnitXMLReporter -->
<testsuite ignored="0" hostname="DESKTOP-H3RN2SF" failures="0" tests="5" name="Default test" time="13.517" errors="0" timestamp="2024-04-15T00:09:31 IST">
  <testcase classname="com.github.test.SwagLabsTest" name="login" time="1.042"/>
  <testcase classname="com.github.test.SwagLabsTest" name="productsList" time="0.327"/>
  <testcase classname="com.github.test.SwagLabsTest" name="productsSorting" time="0.873"/>
  <testcase classname="com.github.test.SwagLabsTest" name="addingToCart" time="0.507"/>
  <testcase classname="com.github.test.SwagLabsTest" name="checkout" time="1.422"/>
</testsuite> <!-- Default test -->
