<?xml version="1.0" encoding="UTF-8"?>
<!-- Generated by org.testng.reporters.JUnitXMLReporter -->
<testsuite ignored="0" hostname="DESKTOP-H3RN2SF" failures="0" tests="5" name="Test" time="10.864" errors="0" timestamp="2024-04-12T16:08:56 IST">
  <testcase classname="com.github.test.SwagLabsTest" name="login" time="1.017"/>
  <testcase classname="com.github.test.SwagLabsTest" name="productsList" time="0.261"/>
  <testcase classname="com.github.test.SwagLabsTest" name="productsSorting" time="0.707"/>
  <testcase classname="com.github.test.SwagLabsTest" name="addingToCart" time="0.461"/>
  <testcase classname="com.github.test.SwagLabsTest" name="checkout" time="1.256"/>
</testsuite> <!-- Test -->
