<?xml version="1.0" encoding="UTF-8"?>
<testng-results ignored="0" total="5" passed="5" failed="0" skipped="0">
  <reporter-output>
  </reporter-output>
  <suite started-at="2024-04-15T00:09:18 IST" name="Default suite" finished-at="2024-04-15T00:09:31 IST" duration-ms="13517">
    <groups>
    </groups>
    <test started-at="2024-04-15T00:09:18 IST" name="Default test" finished-at="2024-04-15T00:09:31 IST" duration-ms="13517">
      <class name="com.github.test.SwagLabsTest">
        <test-method is-config="true" signature="startReport()[pri:0, instance:com.github.test.SwagLabsTest@7bba5817]" started-at="2024-04-15T00:09:17 IST" name="startReport" finished-at="2024-04-15T00:09:18 IST" duration-ms="640" status="PASS">
          <reporter-output>
          </reporter-output>
        </test-method> <!-- startReport -->
        <test-method is-config="true" signature="setUp()[pri:0, instance:com.github.test.SwagLabsTest@7bba5817]" started-at="2024-04-15T00:09:18 IST" name="setUp" finished-at="2024-04-15T00:09:26 IST" duration-ms="8650" status="PASS">
          <reporter-output>
          </reporter-output>
        </test-method> <!-- setUp -->
        <test-method is-config="true" signature="setUpObject()[pri:0, instance:com.github.test.SwagLabsTest@7bba5817]" started-at="2024-04-15T00:09:26 IST" name="setUpObject" finished-at="2024-04-15T00:09:26 IST" duration-ms="10" status="PASS">
          <reporter-output>
          </reporter-output>
        </test-method> <!-- setUpObject -->
        <test-method signature="login()[pri:1, instance:com.github.test.SwagLabsTest@7bba5817]" started-at="2024-04-15T00:09:27 IST" name="login" finished-at="2024-04-15T00:09:28 IST" duration-ms="1042" status="PASS">
          <reporter-output>
          </reporter-output>
        </test-method> <!-- login -->
        <test-method signature="productsList()[pri:2, instance:com.github.test.SwagLabsTest@7bba5817]" started-at="2024-04-15T00:09:28 IST" name="productsList" finished-at="2024-04-15T00:09:28 IST" duration-ms="327" status="PASS">
          <reporter-output>
          </reporter-output>
        </test-method> <!-- productsList -->
        <test-method signature="productsSorting()[pri:3, instance:com.github.test.SwagLabsTest@7bba5817]" started-at="2024-04-15T00:09:28 IST" name="productsSorting" finished-at="2024-04-15T00:09:29 IST" duration-ms="873" status="PASS">
          <reporter-output>
          </reporter-output>
        </test-method> <!-- productsSorting -->
        <test-method signature="addingToCart()[pri:4, instance:com.github.test.SwagLabsTest@7bba5817]" started-at="2024-04-15T00:09:29 IST" name="addingToCart" finished-at="2024-04-15T00:09:29 IST" duration-ms="507" status="PASS">
          <reporter-output>
          </reporter-output>
        </test-method> <!-- addingToCart -->
        <test-method signature="checkout()[pri:5, instance:com.github.test.SwagLabsTest@7bba5817]" started-at="2024-04-15T00:09:29 IST" name="checkout" finished-at="2024-04-15T00:09:31 IST" duration-ms="1422" status="PASS">
          <reporter-output>
          </reporter-output>
        </test-method> <!-- checkout -->
        <test-method is-config="true" signature="quit()[pri:0, instance:com.github.test.SwagLabsTest@7bba5817]" started-at="2024-04-15T00:09:31 IST" name="quit" finished-at="2024-04-15T00:09:31 IST" duration-ms="565" status="PASS">
          <reporter-output>
          </reporter-output>
        </test-method> <!-- quit -->
        <test-method is-config="true" signature="endReport()[pri:0, instance:com.github.test.SwagLabsTest@7bba5817]" started-at="2024-04-15T00:09:31 IST" name="endReport" finished-at="2024-04-15T00:09:32 IST" duration-ms="852" status="PASS">
          <reporter-output>
          </reporter-output>
        </test-method> <!-- endReport -->
      </class> <!-- com.github.test.SwagLabsTest -->
    </test> <!-- Default test -->
  </suite> <!-- Default suite -->
</testng-results>
